[0m19:55:13.284106 [debug] [MainThread]: Sending event: {'category': 'dbt', 'action': 'invocation', 'label': 'start', 'context': [<snowplow_tracker.self_describing_json.SelfDescribingJson object at 0x750cb1972930>, <snowplow_tracker.self_describing_json.SelfDescribingJson object at 0x750cb1fd74a0>, <snowplow_tracker.self_describing_json.SelfDescribingJson object at 0x750cb1972960>]}


============================== 19:55:13.291993 | e2d96f8c-a9c6-47ed-a0a4-ffe221d1593a ==============================
[0m19:55:13.291993 [info ] [MainThread]: Running with dbt=1.9.0
[0m19:55:13.292563 [debug] [MainThread]: running dbt with arguments {'printer_width': '80', 'indirect_selection': 'eager', 'log_cache_events': 'False', 'write_json': 'True', 'partial_parse': 'True', 'cache_selected_only': 'False', 'warn_error': 'None', 'debug': 'False', 'fail_fast': 'False', 'log_path': 'logs', 'version_check': 'True', 'profiles_dir': '/root/.dbt', 'use_colors': 'True', 'use_experimental_parser': 'False', 'no_print': 'None', 'quiet': 'False', 'empty': 'None', 'log_format': 'default', 'static_parser': 'True', 'warn_error_options': 'WarnErrorOptions(include=[], exclude=[])', 'introspect': 'True', 'target_path': 'None', 'invocation_command': 'dbt init my_project', 'send_anonymous_usage_stats': 'True'}
[0m19:55:13.340956 [warn ] [MainThread]: [ConfigFolderDirectory]: Unable to parse logging event dictionary. Failed to parse dir field: expected string or bytes-like object, got 'PosixPath'.. Dictionary: {'dir': PosixPath('/root/.dbt')}
[0m19:55:13.341502 [info ] [MainThread]: Creating dbt configuration folder at 
[0m19:55:13.344645 [debug] [MainThread]: Starter project path: /usr/local/lib/python3.12/site-packages/dbt/include/starter_project
[0m19:55:13.353598 [info ] [MainThread]: 
Your new dbt project "my_project" was created!

For more information on how to configure the profiles.yml file,
please consult the dbt documentation here:

  https://docs.getdbt.com/docs/configure-your-profile

One more thing:

Need help? Don't hesitate to reach out to us via GitHub issues or on Slack:

  https://community.getdbt.com/

Happy modeling!

[0m19:55:13.354204 [info ] [MainThread]: Setting up your profile.
[0m19:56:08.376463 [info ] [MainThread]: Profile my_project written to /root/.dbt/profiles.yml using target's profile_template.yml and your supplied values. Run 'dbt debug' to validate the connection.
[0m19:56:08.378230 [debug] [MainThread]: Resource report: {"command_name": "init", "command_success": true, "command_wall_clock_time": 57.80709, "process_in_blocks": "0", "process_kernel_time": 0.542464, "process_mem_max_rss": "92872", "process_out_blocks": "1544", "process_user_time": 1.241556}
[0m19:56:08.379052 [debug] [MainThread]: Command `dbt init` succeeded at 19:56:08.378625 after 57.81 seconds
[0m19:56:08.379408 [debug] [MainThread]: Sending event: {'category': 'dbt', 'action': 'invocation', 'label': 'end', 'context': [<snowplow_tracker.self_describing_json.SelfDescribingJson object at 0x750cb196c470>, <snowplow_tracker.self_describing_json.SelfDescribingJson object at 0x750cb4c9f530>, <snowplow_tracker.self_describing_json.SelfDescribingJson object at 0x750cb176a7b0>]}
[0m19:56:08.379786 [debug] [MainThread]: Flushing usage events
[0m19:56:08.594157 [debug] [MainThread]: An error was encountered while trying to flush usage events
[0m19:56:43.122897 [debug] [MainThread]: Sending event: {'category': 'dbt', 'action': 'invocation', 'label': 'start', 'context': [<snowplow_tracker.self_describing_json.SelfDescribingJson object at 0x7abdc6f07e00>, <snowplow_tracker.self_describing_json.SelfDescribingJson object at 0x7abdc68d2e40>, <snowplow_tracker.self_describing_json.SelfDescribingJson object at 0x7abdc6f06e40>]}


============================== 19:56:43.132747 | 58ee2aa7-df47-4bc4-aaea-ded3d5d81979 ==============================
[0m19:56:43.132747 [info ] [MainThread]: Running with dbt=1.9.0
[0m19:56:43.133349 [debug] [MainThread]: running dbt with arguments {'printer_width': '80', 'indirect_selection': 'eager', 'write_json': 'True', 'log_cache_events': 'False', 'partial_parse': 'True', 'cache_selected_only': 'False', 'warn_error': 'None', 'fail_fast': 'False', 'version_check': 'True', 'log_path': 'logs', 'debug': 'False', 'profiles_dir': '/root/.dbt', 'use_colors': 'True', 'use_experimental_parser': 'False', 'empty': 'None', 'quiet': 'False', 'no_print': 'None', 'log_format': 'default', 'introspect': 'True', 'invocation_command': 'dbt debug', 'warn_error_options': 'WarnErrorOptions(include=[], exclude=[])', 'target_path': 'None', 'static_parser': 'True', 'send_anonymous_usage_stats': 'True'}
[0m19:56:43.190681 [info ] [MainThread]: dbt version: 1.9.0
[0m19:56:43.191113 [info ] [MainThread]: python version: 3.12.4
[0m19:56:43.191543 [info ] [MainThread]: python path: /usr/local/bin/python
[0m19:56:43.191978 [info ] [MainThread]: os info: Linux-6.6.87.2-microsoft-standard-WSL2-x86_64-with-glibc2.31
[0m19:56:43.192388 [info ] [MainThread]: Using profiles dir at /root/.dbt
[0m19:56:43.192828 [info ] [MainThread]: Using profiles.yml file at /root/.dbt/profiles.yml
[0m19:56:43.193229 [info ] [MainThread]: Using dbt_project.yml file at /usr/app/dbt_project.yml
[0m19:56:43.193716 [info ] [MainThread]: Configuration:
[0m19:56:43.194157 [info ] [MainThread]:   profiles.yml file [[31mERROR not found[0m]
[0m19:56:43.194646 [info ] [MainThread]:   dbt_project.yml file [[31mERROR not found[0m]
[0m19:56:43.195009 [info ] [MainThread]: Required dependencies:
[0m19:56:43.195472 [debug] [MainThread]: Executing "git --help"
[0m19:56:43.216579 [debug] [MainThread]: STDOUT: "b"usage: git [--version] [--help] [-C <path>] [-c <name>=<value>]\n           [--exec-path[=<path>]] [--html-path] [--man-path] [--info-path]\n           [-p | --paginate | -P | --no-pager] [--no-replace-objects] [--bare]\n           [--git-dir=<path>] [--work-tree=<path>] [--namespace=<name>]\n           <command> [<args>]\n\nThese are common Git commands used in various situations:\n\nstart a working area (see also: git help tutorial)\n   clone             Clone a repository into a new directory\n   init              Create an empty Git repository or reinitialize an existing one\n\nwork on the current change (see also: git help everyday)\n   add               Add file contents to the index\n   mv                Move or rename a file, a directory, or a symlink\n   restore           Restore working tree files\n   rm                Remove files from the working tree and from the index\n   sparse-checkout   Initialize and modify the sparse-checkout\n\nexamine the history and state (see also: git help revisions)\n   bisect            Use binary search to find the commit that introduced a bug\n   diff              Show changes between commits, commit and working tree, etc\n   grep              Print lines matching a pattern\n   log               Show commit logs\n   show              Show various types of objects\n   status            Show the working tree status\n\ngrow, mark and tweak your common history\n   branch            List, create, or delete branches\n   commit            Record changes to the repository\n   merge             Join two or more development histories together\n   rebase            Reapply commits on top of another base tip\n   reset             Reset current HEAD to the specified state\n   switch            Switch branches\n   tag               Create, list, delete or verify a tag object signed with GPG\n\ncollaborate (see also: git help workflows)\n   fetch             Download objects and refs from another repository\n   pull              Fetch from and integrate with another repository or a local branch\n   push              Update remote refs along with associated objects\n\n'git help -a' and 'git help -g' list available subcommands and some\nconcept guides. See 'git help <command>' or 'git help <concept>'\nto read about a specific subcommand or concept.\nSee 'git help git' for an overview of the system.\n""
[0m19:56:43.217103 [debug] [MainThread]: STDERR: "b''"
[0m19:56:43.217369 [info ] [MainThread]:  - git [[32mOK found[0m]

[0m19:56:43.217684 [info ] [MainThread]: Connection test skipped since no profile was found
[0m19:56:43.218076 [info ] [MainThread]: [31m2 checks failed:[0m
[0m19:56:43.218424 [info ] [MainThread]: dbt looked for a profiles.yml file in /root/.dbt/profiles.yml, but did
not find one. For more information on configuring your profile, consult the
documentation:

https://docs.getdbt.com/docs/configure-your-profile


[0m19:56:43.218845 [info ] [MainThread]: Project loading failed for the following reason:
 project path </usr/app/dbt_project.yml> not found

[0m19:56:43.220688 [debug] [MainThread]: Resource report: {"command_name": "debug", "command_success": false, "command_wall_clock_time": 0.1536672, "process_in_blocks": "82824", "process_kernel_time": 0.58367, "process_mem_max_rss": "86764", "process_out_blocks": "1488", "process_user_time": 1.473953}
[0m19:56:43.221307 [debug] [MainThread]: Command `dbt debug` failed at 19:56:43.221134 after 0.15 seconds
[0m19:56:43.221668 [debug] [MainThread]: Sending event: {'category': 'dbt', 'action': 'invocation', 'label': 'end', 'context': [<snowplow_tracker.self_describing_json.SelfDescribingJson object at 0x7abdc69adaf0>, <snowplow_tracker.self_describing_json.SelfDescribingJson object at 0x7abdc6f06e40>, <snowplow_tracker.self_describing_json.SelfDescribingJson object at 0x7abdc62c9250>]}
[0m19:56:43.222070 [debug] [MainThread]: Flushing usage events
[0m19:56:43.355775 [debug] [MainThread]: An error was encountered while trying to flush usage events
